<?xml version="1.0" encoding="UTF-8"?>
<testng-results skipped="0" failed="0" ignored="0" total="4" passed="4">
  <reporter-output>
  </reporter-output>
  <suite name="Suite" duration-ms="41490" started-at="2020-09-20T15:14:46 IST" finished-at="2020-09-20T15:15:28 IST">
    <groups>
      <group name="cucumber">
        <method signature="AbstractTestNGCucumberTests.runScenario(io.cucumber.testng.PickleWrapper, io.cucumber.testng.FeatureWrapper)[pri:0, instance:tests.Runner5@5c5a1b69]" name="runScenario" class="io.cucumber.testng.AbstractTestNGCucumberTests"/>
      </group> <!-- cucumber -->
    </groups>
    <test name="Test" duration-ms="41490" started-at="2020-09-20T15:14:46 IST" finished-at="2020-09-20T15:15:28 IST">
      <class name="tests.Runner5">
        <test-method status="PASS" signature="setUpClass()[pri:0, instance:tests.Runner5@5c5a1b69]" name="setUpClass" is-config="true" duration-ms="456" started-at="2020-09-20T15:14:46 IST" finished-at="2020-09-20T15:14:47 IST">
          <reporter-output>
          </reporter-output>
        </test-method> <!-- setUpClass -->
        <test-method status="PASS" signature="runScenario(io.cucumber.testng.PickleWrapper, io.cucumber.testng.FeatureWrapper)[pri:0, instance:tests.Runner5@5c5a1b69]" name="runScenario" duration-ms="8007" started-at="2020-09-20T15:14:47 IST" description="Runs Cucumber Scenarios" data-provider="scenarios" finished-at="2020-09-20T15:14:55 IST">
          <params>
            <param index="0">
              <value>
                <![CDATA["Vaidate Gmail home page title"]]>
              </value>
            </param>
            <param index="1">
              <value>
                <![CDATA["Optional[Gmail Login]"]]>
              </value>
            </param>
          </params>
          <reporter-output>
          </reporter-output>
        </test-method> <!-- runScenario -->
        <test-method status="PASS" signature="runScenario(io.cucumber.testng.PickleWrapper, io.cucumber.testng.FeatureWrapper)[pri:0, instance:tests.Runner5@5c5a1b69]" name="runScenario" duration-ms="11194" started-at="2020-09-20T15:14:55 IST" description="Runs Cucumber Scenarios" data-provider="scenarios" finished-at="2020-09-20T15:15:06 IST">
          <params>
            <param index="0">
              <value>
                <![CDATA["Validate Userid in home page"]]>
              </value>
            </param>
            <param index="1">
              <value>
                <![CDATA["Optional[Gmail Login]"]]>
              </value>
            </param>
          </params>
          <reporter-output>
          </reporter-output>
        </test-method> <!-- runScenario -->
        <test-method status="PASS" signature="runScenario(io.cucumber.testng.PickleWrapper, io.cucumber.testng.FeatureWrapper)[pri:0, instance:tests.Runner5@5c5a1b69]" name="runScenario" duration-ms="11270" started-at="2020-09-20T15:15:06 IST" description="Runs Cucumber Scenarios" data-provider="scenarios" finished-at="2020-09-20T15:15:17 IST">
          <params>
            <param index="0">
              <value>
                <![CDATA["Validate Userid in home page"]]>
              </value>
            </param>
            <param index="1">
              <value>
                <![CDATA["Optional[Gmail Login]"]]>
              </value>
            </param>
          </params>
          <reporter-output>
          </reporter-output>
        </test-method> <!-- runScenario -->
        <test-method status="PASS" signature="runScenario(io.cucumber.testng.PickleWrapper, io.cucumber.testng.FeatureWrapper)[pri:0, instance:tests.Runner5@5c5a1b69]" name="runScenario" duration-ms="10482" started-at="2020-09-20T15:15:17 IST" description="Runs Cucumber Scenarios" data-provider="scenarios" finished-at="2020-09-20T15:15:28 IST">
          <params>
            <param index="0">
              <value>
                <![CDATA["Validate Userid in home page"]]>
              </value>
            </param>
            <param index="1">
              <value>
                <![CDATA["Optional[Gmail Login]"]]>
              </value>
            </param>
          </params>
          <reporter-output>
          </reporter-output>
        </test-method> <!-- runScenario -->
        <test-method status="PASS" signature="tearDownClass()[pri:0, instance:tests.Runner5@5c5a1b69]" name="tearDownClass" is-config="true" duration-ms="50" started-at="2020-09-20T15:15:28 IST" finished-at="2020-09-20T15:15:28 IST">
          <reporter-output>
          </reporter-output>
        </test-method> <!-- tearDownClass -->
      </class> <!-- tests.Runner5 -->
    </test> <!-- Test -->
  </suite> <!-- Suite -->
</testng-results>
