<?xml version="1.0" encoding="UTF-8"?>
<!-- Generated by org.testng.reporters.JUnitReportReporter -->
<testsuite skipped="0" hostname="KALAMSIR-PC" name="tests.Runner5" tests="4" failures="1" timestamp="20 Sep 2020 05:47:03 GMT" time="40.816" errors="0">
  <testcase name="runScenario" time="11.167" classname="tests.Runner5"/>
  <testcase name="runScenario" time="11.223" classname="tests.Runner5"/>
  <testcase name="runScenario" time="11.747" classname="tests.Runner5"/>
  <testcase name="runScenario" time="6.679" classname="tests.Runner5">
    <failure type="java.lang.AssertionError" message="expected [true] but found [false]">
      <![CDATA[java.lang.AssertionError: expected [true] but found [false]
at org.testng.Assert.fail(Assert.java:96)
at org.testng.Assert.failNotEquals(Assert.java:776)
at org.testng.Assert.assertTrue(Assert.java:44)
at org.testng.Assert.assertTrue(Assert.java:54)
at gluecode.StepDefs1.method3(StepDefs1.java:63)
at ✽.title should be "gmail"(file:///E:/batch247/org.magnitia5.gmailbddtddpico/src/test/resources/features/feature1.feature:8)
]]>
    </failure>
  </testcase> <!-- runScenario -->
</testsuite> <!-- tests.Runner5 -->
